<?xml version="1.0" encoding="UTF-8"?>
<!-- Generated by org.testng.reporters.JUnitReportReporter -->
<testsuite hostname="ncherkasov" name="selenium_training.FindSomething" tests="1" failures="0" timestamp="17 Jul 2015 16:23:51 GMT" time="2.179" errors="0">
  <testcase name="testUntitled" time="2.179" classname="selenium_training.FindSomething"/>
</testsuite> <!-- selenium_training.FindSomething -->
