<?xml version="1.0" encoding="UTF-8"?>
<!-- Generated by org.testng.reporters.JUnitReportReporter -->
<testsuite hostname="ncherkasov" name="selenium_training.LoginTest" tests="1" failures="0" timestamp="14 Jul 2015 12:37:25 GMT" time="1.670" errors="0">
  <testcase name="testUntitled" time="1.670" classname="selenium_training.LoginTest"/>
</testsuite> <!-- selenium_training.LoginTest -->
