<?xml version="1.0" encoding="UTF-8"?>
<!-- Generated by org.testng.reporters.JUnitReportReporter -->
<testsuite hostname="ncherkasov" name="selenium_training.FindNothing" tests="1" failures="0" timestamp="16 Jul 2015 16:53:00 GMT" time="1.879" errors="0">
  <testcase name="testUntitled" time="1.879" classname="selenium_training.FindNothing"/>
</testsuite> <!-- selenium_training.FindNothing -->
