<?xml version="1.0" encoding="UTF-8"?>
<!-- Generated by org.testng.reporters.JUnitReportReporter -->
<testsuite hostname="ncherkasov" name="selenium_training.DeleteDescription" tests="1" failures="0" timestamp="15 Jul 2015 14:21:37 GMT" time="3.766" errors="0">
  <testcase name="testUntitled" time="3.766" classname="selenium_training.DeleteDescription"/>
</testsuite> <!-- selenium_training.DeleteDescription -->
