<?xml version="1.0" encoding="UTF-8"?>
<!-- Generated by org.testng.reporters.JUnitReportReporter -->
<testsuite hostname="Shepard" name="cherkasov_learning.LoginTest" tests="1" failures="0" timestamp="30 Jun 2015 12:32:01 GMT" time="0.004" errors="0">
  <testcase name="testUntitled" time="0.004" classname="cherkasov_learning.LoginTest"/>
</testsuite> <!-- cherkasov_learning.LoginTest -->
