<?xml version="1.0" encoding="UTF-8"?>
<!-- Generated by org.testng.reporters.JUnitReportReporter -->
<testsuite hostname="Shepard" name="cherkasov_learning.DescriptionDelete" tests="1" failures="0" timestamp="14 Jul 2015 22:00:50 GMT" time="1.858" errors="0">
  <testcase name="testUntitled" time="1.858" classname="cherkasov_learning.DescriptionDelete"/>
</testsuite> <!-- cherkasov_learning.DescriptionDelete -->
