<?xml version="1.0" encoding="UTF-8"?>
<!-- Generated by org.testng.reporters.JUnitReportReporter -->
<testsuite hostname="Shepard" name="cherkasov_learning.CreateDescription" tests="1" failures="0" timestamp="14 Jul 2015 22:00:50 GMT" time="2.874" errors="0">
  <testcase name="testUntitled" time="2.874" classname="cherkasov_learning.CreateDescription"/>
</testsuite> <!-- cherkasov_learning.CreateDescription -->
