<?xml version="1.0" encoding="UTF-8"?>
<!-- Generated by org.testng.reporters.JUnitReportReporter -->
<testsuite hostname="ncherkasov" name="selenium_training.DeleteDescription" tests="1" failures="0" timestamp="16 Jul 2015 16:51:28 GMT" time="2.837" errors="0">
  <testcase name="testUntitled" time="2.837" classname="selenium_training.DeleteDescription"/>
</testsuite> <!-- selenium_training.DeleteDescription -->
