<?xml version="1.0" encoding="UTF-8"?>
<!-- Generated by org.testng.reporters.JUnitReportReporter -->
<testsuite hostname="ncherkasov" name="selenium_training.CreateDescriptionNegative" tests="1" failures="0" timestamp="16 Jul 2015 16:51:28 GMT" time="1.788" errors="0">
  <testcase name="testUntitled" time="1.788" classname="selenium_training.CreateDescriptionNegative"/>
</testsuite> <!-- selenium_training.CreateDescriptionNegative -->
