<?xml version="1.0" encoding="UTF-8"?>
<!-- Generated by org.testng.reporters.JUnitReportReporter -->
<testsuite hostname="Shepard" name="selenium_training.LoginTest" tests="2" failures="0" timestamp="25 Jul 2015 13:30:52 GMT" time="22.702" errors="0">
  <testcase name="testLoginFailed" time="11.277" classname="selenium_training.LoginTest"/>
  <testcase name="testLoginOK" time="11.425" classname="selenium_training.LoginTest"/>
</testsuite> <!-- selenium_training.LoginTest -->
