<?xml version="1.0" encoding="UTF-8"?>
<!-- Generated by org.testng.reporters.JUnitReportReporter -->
<testsuite hostname="Shepard" name="cherkasov_learning.CreateDiscription" tests="1" failures="0" timestamp="14 Jul 2015 21:56:27 GMT" time="2.730" errors="0">
  <testcase name="testUntitled" time="2.730" classname="cherkasov_learning.CreateDiscription"/>
</testsuite> <!-- cherkasov_learning.CreateDiscription -->
