<?xml version="1.0" encoding="UTF-8"?>
<!-- Generated by org.testng.reporters.JUnitReportReporter -->
<testsuite hostname="Shepard" name="cherkasov_learning.CreateDescriptionInvalid" tests="1" failures="0" timestamp="14 Jul 2015 21:42:38 GMT" time="2.678" errors="0">
  <testcase name="testUntitled" time="2.678" classname="cherkasov_learning.CreateDescriptionInvalid"/>
</testsuite> <!-- cherkasov_learning.CreateDescriptionInvalid -->
