<?xml version="1.0" encoding="UTF-8"?>
<!-- Generated by org.testng.reporters.JUnitReportReporter -->
<testsuite hostname="ncherkasov" name="selenium_training.CreateDescription" tests="1" failures="0" timestamp="15 Jul 2015 14:43:47 GMT" time="2.935" errors="0">
  <testcase name="testUntitled" time="2.935" classname="selenium_training.CreateDescription"/>
</testsuite> <!-- selenium_training.CreateDescription -->
