<?xml version="1.0" encoding="UTF-8"?>
<!-- Generated by org.testng.reporters.JUnitReportReporter -->
<testsuite hostname="ncherkasov" name="selenium_training.CreateDescription" tests="1" failures="0" timestamp="15 Jul 2015 13:31:01 GMT" time="3.107" errors="0">
  <testcase name="testUntitled" time="3.107" classname="selenium_training.CreateDescription"/>
</testsuite> <!-- selenium_training.CreateDescription -->
