<?xml version="1.0" encoding="UTF-8"?>
<!-- Generated by org.testng.reporters.JUnitReportReporter -->
<testsuite hostname="ncherkasov" name="selenium_training.LoginTest" tests="2" failures="0" timestamp="23 Jul 2015 18:03:45 GMT" time="4.472" errors="0">
  <testcase name="testLoginOK" time="2.730" classname="selenium_training.LoginTest"/>
  <testcase name="testLoginFailed" time="1.742" classname="selenium_training.LoginTest"/>
</testsuite> <!-- selenium_training.LoginTest -->
