<?xml version="1.0" encoding="UTF-8"?>
<!-- Generated by org.testng.reporters.JUnitReportReporter -->
<testsuite hostname="ncherkasov" name="selenium_training.CreateDescriptionNegative" tests="1" failures="0" timestamp="15 Jul 2015 14:43:09 GMT" time="2.797" errors="0">
  <testcase name="testUntitled" time="2.797" classname="selenium_training.CreateDescriptionNegative"/>
</testsuite> <!-- selenium_training.CreateDescriptionNegative -->
